
  .   ____          _            __ _ _
 /\\ / ___'_ __ _ _(_)_ __  __ _ \ \ \ \
( ( )\___ | '_ | '_| | '_ \/ _` | \ \ \ \
 \\/  ___)| |_)| | | | | || (_| |  ) ) ) )
  '  |____| .__|_| |_|_| |_\__, | / / / /
 =========|_|==============|___/=/_/_/_/
 :: Spring Boot ::                (v3.1.5)

2025-11-19T17:56:48.089Z  INFO 4419 --- [           main] c.n.n.NecsusSpringApplication            : Starting NecsusSpringApplication v0.0.1-SNAPSHOT using Java 21.0.8 with PID 4419 (/app/sub/target/sub-0.0.1-SNAPSHOT.jar started by jules in /app)
2025-11-19T17:56:48.091Z DEBUG 4419 --- [           main] c.n.n.NecsusSpringApplication            : Running with Spring Boot v3.1.5, Spring v6.0.13
2025-11-19T17:56:48.092Z  INFO 4419 --- [           main] c.n.n.NecsusSpringApplication            : No active profile set, falling back to 1 default profile: "default"
2025-11-19T17:56:48.093Z DEBUG 4419 --- [           main] o.s.boot.SpringApplication               : Loading source class com.necsus.necsusspring.NecsusSpringApplication
2025-11-19T17:56:48.503Z DEBUG 4419 --- [           main] ConfigServletWebServerApplicationContext : Refreshing org.springframework.boot.web.servlet.context.AnnotationConfigServletWebServerApplicationContext@67e2d983
2025-11-19T17:56:48.536Z DEBUG 4419 --- [           main] o.s.b.f.s.DefaultListableBeanFactory     : Creating shared instance of singleton bean 'org.springframework.context.annotation.internalConfigurationAnnotationProcessor'
2025-11-19T17:56:48.553Z DEBUG 4419 --- [           main] o.s.b.f.s.DefaultListableBeanFactory     : Creating shared instance of singleton bean 'org.springframework.boot.autoconfigure.internalCachingMetadataReaderFactory'
2025-11-19T17:56:48.637Z DEBUG 4419 --- [           main] o.s.c.a.ClassPathBeanDefinitionScanner   : Identified candidate component class: URL [jar:file:/app/sub/target/sub-0.0.1-SNAPSHOT.jar!/BOOT-INF/classes!/com/necsus/necsusspring/config/RestTemplateConfig.class]
2025-11-19T17:56:48.638Z DEBUG 4419 --- [           main] o.s.c.a.ClassPathBeanDefinitionScanner   : Identified candidate component class: URL [jar:file:/app/sub/target/sub-0.0.1-SNAPSHOT.jar!/BOOT-INF/classes!/com/necsus/necsusspring/config/PasswordConfig.class]
2025-11-19T17:56:48.639Z DEBUG 4419 --- [           main] o.s.c.a.ClassPathBeanDefinitionScanner   : Identified candidate component class: URL [jar:file:/app/sub/target/sub-0.0.1-SNAPSHOT.jar!/BOOT-INF/classes!/com/necsus/necsusspring/config/TeamDataInitializer.class]
2025-11-19T17:56:48.639Z DEBUG 4419 --- [           main] o.s.c.a.ClassPathBeanDefinitionScanner   : Identified candidate component class: URL [jar:file:/app/sub/target/sub-0.0.1-SNAPSHOT.jar!/BOOT-INF/classes!/com/necsus/necsusspring/config/ApiBrasilConfig.class]
2025-11-19T17:56:48.648Z DEBUG 4419 --- [           main] o.s.c.a.ClassPathBeanDefinitionScanner   : Identified candidate component class: URL [jar:file:/app/sub/target/sub-0.0.1-SNAPSHOT.jar!/BOOT-INF/classes!/com/necsus/necsusspring/config/SecurityConfig.class]
2025-11-19T17:56:48.649Z DEBUG 4419 --- [           main] o.s.c.a.ClassPathBeanDefinitionScanner   : Identified candidate component class: URL [jar:file:/app/sub/target/sub-0.0.1-SNAPSHOT.jar!/BOOT-INF/classes!/com/necsus/necsusspring/config/RoleBasedAuthenticationSuccessHandler.class]
2025-11-19T17:56:48.649Z DEBUG 4419 --- [           main] o.s.c.a.ClassPathBeanDefinitionScanner   : Identified candidate component class: URL [jar:file:/app/sub/target/sub-0.0.1-SNAPSHOT.jar!/BOOT-INF/classes!/com/necsus/necsusspring/config/FileUploadConfig.class]
2025-11-19T17:56:48.649Z DEBUG 4419 --- [           main] o.s.c.a.ClassPathBeanDefinitionScanner   : Identified candidate component class: URL [jar:file:/app/sub/target/sub-0.0.1-SNAPSHOT.jar!/BOOT-INF/classes!/com/necsus/necsusspring/config/UserCreatedAtFixer.class]
2025-11-19T17:56:48.650Z DEBUG 4419 --- [           main] o.s.c.a.ClassPathBeanDefinitionScanner   : Identified candidate component class: URL [jar:file:/app/sub/target/sub-0.0.1-SNAPSHOT.jar!/BOOT-INF/classes!/com/necsus/necsusspring/config/UserCreatedAtJdbcFixer.class]
2025-11-19T17:56:48.656Z DEBUG 4419 --- [           main] o.s.c.a.ClassPathBeanDefinitionScanner   : Identified candidate component class: URL [jar:file:/app/sub/target/sub-0.0.1-SNAPSHOT.jar!/BOOT-INF/classes!/com/necsus/necsusspring/config/LayoutAttributes.class]
2025-11-19T17:56:48.658Z DEBUG 4419 --- [           main] o.s.c.a.ClassPathBeanDefinitionScanner   : Identified candidate component class: URL [jar:file:/app/sub/target/sub-0.0.1-SNAPSHOT.jar!/BOOT-INF/classes!/com/necsus/necsusspring/config/AsyncConfig.class]
2025-11-19T17:56:48.658Z DEBUG 4419 --- [           main] o.s.c.a.ClassPathBeanDefinitionScanner   : Identified candidate component class: URL [jar:file:/app/sub/target/sub-0.0.1-SNAPSHOT.jar!/BOOT-INF/classes!/com/necsus/necsusspring/config/AdminUserInitializer.class]
2025-11-19T17:56:48.661Z DEBUG 4419 --- [           main] o.s.c.a.ClassPathBeanDefinitionScanner   : Identified candidate component class: URL [jar:file:/app/sub/target/sub-0.0.1-SNAPSHOT.jar!/BOOT-INF/classes!/com/necsus/necsusspring/event/NotificationEventListener.class]
2025-11-19T17:56:48.665Z DEBUG 4419 --- [           main] o.s.c.a.ClassPathBeanDefinitionScanner   : Identified candidate component class: URL [jar:file:/app/sub/target/sub-0.0.1-SNAPSHOT.jar!/BOOT-INF/classes!/com/necsus/necsusspring/service/VehicleService.class]
2025-11-19T17:56:48.666Z DEBUG 4419 --- [           main] o.s.c.a.ClassPathBeanDefinitionScanner   : Identified candidate component class: URL [jar:file:/app/sub/target/sub-0.0.1-SNAPSHOT.jar!/BOOT-INF/classes!/com/necsus/necsusspring/service/NotificationService.class]
2025-11-19T17:56:48.667Z DEBUG 4419 --- [           main] o.s.c.a.ClassPathBeanDefinitionScanner   : Identified candidate component class: URL [jar:file:/app/sub/target/sub-0.0.1-SNAPSHOT.jar!/BOOT-INF/classes!/com/necsus/necsusspring/service/JinjavaService.class]
2025-11-19T17:56:48.667Z DEBUG 4419 --- [           main] o.s.c.a.ClassPathBeanDefinitionScanner   : Identified candidate component class: URL [jar:file:/app/sub/target/sub-0.0.1-SNAPSHOT.jar!/BOOT-INF/classes!/com/necsus/necsusspring/service/EventDescriptionHistoryService.class]
2025-11-19T17:56:48.668Z DEBUG 4419 --- [           main] o.s.c.a.ClassPathBeanDefinitionScanner   : Identified candidate component class: URL [jar:file:/app/sub/target/sub-0.0.1-SNAPSHOT.jar!/BOOT-INF/classes!/com/necsus/necsusspring/service/DemandService.class]
2025-11-19T17:56:48.668Z DEBUG 4419 --- [           main] o.s.c.a.ClassPathBeanDefinitionScanner   : Identified candidate component class: URL [jar:file:/app/sub/target/sub-0.0.1-SNAPSHOT.jar!/BOOT-INF/classes!/com/necsus/necsusspring/service/TeamService.class]
2025-11-19T17:56:48.669Z DEBUG 4419 --- [           main] o.s.c.a.ClassPathBeanDefinitionScanner   : Identified candidate component class: URL [jar:file:/app/sub/target/sub-0.0.1-SNAPSHOT.jar!/BOOT-INF/classes!/com/necsus/necsusspring/service/ReportDataService.class]
2025-11-19T17:56:48.670Z DEBUG 4419 --- [           main] o.s.c.a.ClassPathBeanDefinitionScanner   : Identified candidate component class: URL [jar:file:/app/sub/target/sub-0.0.1-SNAPSHOT.jar!/BOOT-INF/classes!/com/necsus/necsusspring/service/LegalProcessService.class]
2025-11-19T17:56:48.671Z DEBUG 4419 --- [           main] o.s.c.a.ClassPathBeanDefinitionScanner   : Identified candidate component class: URL [jar:file:/app/sub/target/sub-0.0.1-SNAPSHOT.jar!/BOOT-INF/classes!/com/necsus/necsusspring/service/ExcelExportService.class]
2025-11-19T17:56:48.671Z DEBUG 4419 --- [           main] o.s.c.a.ClassPathBeanDefinitionScanner   : Identified candidate component class: URL [jar:file:/app/sub/target/sub-0.0.1-SNAPSHOT.jar!/BOOT-INF/classes!/com/necsus/necsusspring/service/BoletoService.class]
2025-11-19T17:56:48.671Z DEBUG 4419 --- [           main] o.s.c.a.ClassPathBeanDefinitionScanner   : Identified candidate component class: URL [jar:file:/app/sub/target/sub-0.0.1-SNAPSHOT.jar!/BOOT-INF/classes!/com/necsus/necsusspring/service/UserAccountService.class]
2025-11-19T17:56:48.672Z DEBUG 4419 --- [           main] o.s.c.a.ClassPathBeanDefinitionScanner   : Identified candidate component class: URL [jar:file:/app/sub/target/sub-0.0.1-SNAPSHOT.jar!/BOOT-INF/classes!/com/necsus/necsusspring/service/VistoriaService.class]
2025-11-19T17:56:48.673Z DEBUG 4419 --- [           main] o.s.c.a.ClassPathBeanDefinitionScanner   : Identified candidate component class: URL [jar:file:/app/sub/target/sub-0.0.1-SNAPSHOT.jar!/BOOT-INF/classes!/com/necsus/necsusspring/service/ComunicadoService.class]
2025-11-19T17:56:48.673Z DEBUG 4419 --- [           main] o.s.c.a.ClassPathBeanDefinitionScanner   : Identified candidate component class: URL [jar:file:/app/sub/target/sub-0.0.1-SNAPSHOT.jar!/BOOT-INF/classes!/com/necsus/necsusspring/service/AgreementService.class]
2025-11-19T17:56:48.674Z DEBUG 4419 --- [           main] o.s.c.a.ClassPathBeanDefinitionScanner   : Identified candidate component class: URL [jar:file:/app/sub/target/sub-0.0.1-SNAPSHOT.jar!/BOOT-INF/classes!/com/necsus/necsusspring/service/PaymentService.class]
2025-11-19T17:56:48.674Z DEBUG 4419 --- [           main] o.s.c.a.ClassPathBeanDefinitionScanner   : Identified candidate component class: URL [jar:file:/app/sub/target/sub-0.0.1-SNAPSHOT.jar!/BOOT-INF/classes!/com/necsus/necsusspring/service/DashboardService.class]
2025-11-19T17:56:48.674Z DEBUG 4419 --- [           main] o.s.c.a.ClassPathBeanDefinitionScanner   : Identified candidate component class: URL [jar:file:/app/sub/target/sub-0.0.1-SNAPSHOT.jar!/BOOT-INF/classes!/com/necsus/necsusspring/service/BillToPayService.class]
2025-11-19T17:56:48.675Z DEBUG 4419 --- [           main] o.s.c.a.ClassPathBeanDefinitionScanner   : Identified candidate component class: URL [jar:file:/app/sub/target/sub-0.0.1-SNAPSHOT.jar!/BOOT-INF/classes!/com/necsus/necsusspring/service/FipeService.class]
2025-11-19T17:56:48.676Z DEBUG 4419 --- [           main] o.s.c.a.ClassPathBeanDefinitionScanner   : Identified candidate component class: URL [jar:file:/app/sub/target/sub-0.0.1-SNAPSHOT.jar!/BOOT-INF/classes!/com/necsus/necsusspring/service/EventService.class]
2025-11-19T17:56:48.676Z DEBUG 4419 --- [           main] o.s.c.a.ClassPathBeanDefinitionScanner   : Identified candidate component class: URL [jar:file:/app/sub/target/sub-0.0.1-SNAPSHOT.jar!/BOOT-INF/classes!/com/necsus/necsusspring/service/FiscalDocumentService.class]
2025-11-19T17:56:48.676Z DEBUG 4419 --- [           main] o.s.c.a.ClassPathBeanDefinitionScanner   : Identified candidate component class: URL [jar:file:/app/sub/target/sub-0.0.1-SNAPSHOT.jar!/BOOT-INF/classes!/com/necsus/necsusspring/service/PartnerService.class]
2025-11-19T17:56:48.677Z DEBUG 4419 --- [           main] o.s.c.a.ClassPathBeanDefinitionScanner   : Identified candidate component class: URL [jar:file:/app/sub/target/sub-0.0.1-SNAPSHOT.jar!/BOOT-INF/classes!/com/necsus/necsusspring/service/EventObservationHistoryService.class]
2025-11-19T17:56:48.677Z DEBUG 4419 --- [           main] o.s.c.a.ClassPathBeanDefinitionScanner   : Identified candidate component class: URL [jar:file:/app/sub/target/sub-0.0.1-SNAPSHOT.jar!/BOOT-INF/classes!/com/necsus/necsusspring/service/FileStorageService.class]
2025-11-19T17:56:48.756Z DEBUG 4419 --- [           main] o.s.c.a.ClassPathBeanDefinitionScanner   : Ignored because not a concrete top-level class: URL [jar:file:/app/sub/target/sub-0.0.1-SNAPSHOT.jar!/BOOT-INF/classes!/com/necsus/necsusspring/repository/VehicleRepository.class]
2025-11-19T17:56:48.758Z DEBUG 4419 --- [           main] o.s.c.a.ClassPathBeanDefinitionScanner   : Ignored because not a concrete top-level class: URL [jar:file:/app/sub/target/sub-0.0.1-SNAPSHOT.jar!/BOOT-INF/classes!/com/necsus/necsusspring/repository/NotificationRepository.class]
2025-11-19T17:56:48.758Z DEBUG 4419 --- [           main] o.s.c.a.ClassPathBeanDefinitionScanner   : Ignored because not a concrete top-level class: URL [jar:file:/app/sub/target/sub-0.0.1-SNAPSHOT.jar!/BOOT-INF/classes!/com/necsus/necsusspring/repository/DemandRepository.class]
2025-11-19T17:56:48.759Z DEBUG 4419 --- [           main] o.s.c.a.ClassPathBeanDefinitionScanner   : Ignored because not a concrete top-level class: URL [jar:file:/app/sub/target/sub-0.0.1-SNAPSHOT.jar!/BOOT-INF/classes!/com/necsus/necsusspring/repository/AgreementRepository.class]
2025-11-19T17:56:48.759Z DEBUG 4419 --- [           main] o.s.c.a.ClassPathBeanDefinitionScanner   : Ignored because not a concrete top-level class: URL [jar:file:/app/sub/target/sub-0.0.1-SNAPSHOT.jar!/BOOT-INF/classes!/com/necsus/necsusspring/repository/EventRepository.class]
2025-11-19T17:56:48.759Z DEBUG 4419 --- [           main] o.s.c.a.ClassPathBeanDefinitionScanner   : Ignored because not a concrete top-level class: URL [jar:file:/app/sub/target/sub-0.0.1-SNAPSHOT.jar!/BOOT-INF/classes!/com/necsus/necsusspring/repository/BillToPayRepository.class]
2025-11-19T17:56:48.760Z DEBUG 4419 --- [           main] o.s.c.a.ClassPathBeanDefinitionScanner   : Ignored because not a concrete top-level class: URL [jar:file:/app/sub/target/sub-0.0.1-SNAPSHOT.jar!/BOOT-INF/classes!/com/necsus/necsusspring/repository/EventObservationHistoryRepository.class]
2025-11-19T17:56:48.760Z DEBUG 4419 --- [           main] o.s.c.a.ClassPathBeanDefinitionScanner   : Ignored because not a concrete top-level class: URL [jar:file:/app/sub/target/sub-0.0.1-SNAPSHOT.jar!/BOOT-INF/classes!/com/necsus/necsusspring/repository/AddressRepository.class]
2025-11-19T17:56:48.760Z DEBUG 4419 --- [           main] o.s.c.a.ClassPathBeanDefinitionScanner   : Ignored because not a concrete top-level class: URL [jar:file:/app/sub/target/sub-0.0.1-SNAPSHOT.jar!/BOOT-INF/classes!/com/necsus/necsusspring/repository/ComunicadoRepository.class]
2025-11-19T17:56:48.761Z DEBUG 4419 --- [           main] o.s.c.a.ClassPathBeanDefinitionScanner   : Ignored because not a concrete top-level class: URL [jar:file:/app/sub/target/sub-0.0.1-SNAPSHOT.jar!/BOOT-INF/classes!/com/necsus/necsusspring/repository/TeamRepository.class]
2025-11-19T17:56:48.761Z DEBUG 4419 --- [           main] o.s.c.a.ClassPathBeanDefinitionScanner   : Ignored because not a concrete top-level class: URL [jar:file:/app/sub/target/sub-0.0.1-SNAPSHOT.jar!/BOOT-INF/classes!/com/necsus/necsusspring/repository/VistoriaFotoRepository.class]
2025-11-19T17:56:48.762Z DEBUG 4419 --- [           main] o.s.c.a.ClassPathBeanDefinitionScanner   : Ignored because not a concrete top-level class: URL [jar:file:/app/sub/target/sub-0.0.1-SNAPSHOT.jar!/BOOT-INF/classes!/com/necsus/necsusspring/repository/PartnerRepository.class]
2025-11-19T17:56:48.762Z DEBUG 4419 --- [           main] o.s.c.a.ClassPathBeanDefinitionScanner   : Ignored because not a concrete top-level class: URL [jar:file:/app/sub/target/sub-0.0.1-SNAPSHOT.jar!/BOOT-INF/classes!/com/necsus/necsusspring/repository/EventDescriptionHistoryRepository.class]
2025-11-19T17:56:48.762Z DEBUG 4419 --- [           main] o.s.c.a.ClassPathBeanDefinitionScanner   : Ignored because not a concrete top-level class: URL [jar:file:/app/sub/target/sub-0.0.1-SNAPSHOT.jar!/BOOT-INF/classes!/com/necsus/necsusspring/repository/VistoriaRepository.class]
2025-11-19T17:56:48.763Z DEBUG 4419 --- [           main] o.s.c.a.ClassPathBeanDefinitionScanner   : Identified candidate component class: URL [jar:file:/app/sub/target/sub-0.0.1-SNAPSHOT.jar!/BOOT-INF/classes!/com/necsus/necsusspring/diagnostics/UserAccountDiagnostics.class]
2025-11-19T17:56:48.773Z DEBUG 4419 --- [           main] o.s.c.a.ClassPathBeanDefinitionScanner   : Identified candidate component class: URL [jar:file:/app/sub/target/sub-0.0.1-SNAPSHOT.jar!/BOOT-INF/classes!/com/necsus/necsusspring/controller/ReportController.class]
2025-11-19T17:56:48.774Z DEBUG 4419 --- [           main] o.s.c.a.ClassPathBeanDefinitionScanner   : Identified candidate component class: URL [jar:file:/app/sub/target/sub-0.0.1-SNAPSHOT.jar!/BOOT-INF/classes!/com/necsus/necsusspring/controller/UserVehicleController.class]
2025-11-19T17:56:48.779Z DEBUG 4419 --- [           main] o.s.c.a.ClassPathBeanDefinitionScanner   : Identified candidate component class: URL [jar:file:/app/sub/target/sub-0.0.1-SNAPSHOT.jar!/BOOT-INF/classes!/com/necsus/necsusspring/controller/VehicleController.class]
2025-11-19T17:56:48.780Z DEBUG 4419 --- [           main] o.s.c.a.ClassPathBeanDefinitionScanner   : Identified candidate component class: URL [jar:file:/app/sub/target/sub-0.0.1-SNAPSHOT.jar!/BOOT-INF/classes!/com/necsus/necsusspring/controller/VistoriaController.class]
2025-11-19T17:56:48.781Z DEBUG 4419 --- [           main] o.s.c.a.ClassPathBeanDefinitionScanner   : Identified candidate component class: URL [jar:file:/app/sub/target/sub-0.0.1-SNAPSHOT.jar!/BOOT-INF/classes!/com/necsus/necsusspring/controller/PaymentController.class]
2025-11-19T17:56:48.790Z DEBUG 4419 --- [           main] o.s.c.a.ClassPathBeanDefinitionScanner   : Identified candidate component class: URL [jar:file:/app/sub/target/sub-0.0.1-SNAPSHOT.jar!/BOOT-INF/classes!/com/necsus/necsusspring/controller/LegalProcessController.class]
2025-11-19T17:56:48.790Z DEBUG 4419 --- [           main] o.s.c.a.ClassPathBeanDefinitionScanner   : Identified candidate component class: URL [jar:file:/app/sub/target/sub-0.0.1-SNAPSHOT.jar!/BOOT-INF/classes!/com/necsus/necsusspring/controller/HomeController.class]
2025-11-19T17:56:48.791Z DEBUG 4419 --- [           main] o.s.c.a.ClassPathBeanDefinitionScanner   : Identified candidate component class: URL [jar:file:/app/sub/target/sub-0.0.1-SNAPSHOT.jar!/BOOT-INF/classes!/com/necsus/necsusspring/controller/UserAccountDiagnosticController.class]
2025-11-19T17:56:48.791Z DEBUG 4419 --- [           main] o.s.c.a.ClassPathBeanDefinitionScanner   : Identified candidate component class: URL [jar:file:/app/sub/target/sub-0.0.1-SNAPSHOT.jar!/BOOT-INF/classes!/com/necsus/necsusspring/controller/AgreementController.class]
2025-11-19T17:56:48.792Z DEBUG 4419 --- [           main] o.s.c.a.ClassPathBeanDefinitionScanner   : Identified candidate component class: URL [jar:file:/app/sub/target/sub-0.0.1-SNAPSHOT.jar!/BOOT-INF/classes!/com/necsus/necsusspring/controller/ComunicadoController.class]
2025-11-19T17:56:48.793Z DEBUG 4419 --- [           main] o.s.c.a.ClassPathBeanDefinitionScanner   : Identified candidate component class: URL [jar:file:/app/sub/target/sub-0.0.1-SNAPSHOT.jar!/BOOT-INF/classes!/com/necsus/necsusspring/controller/DashboardController.class]
2025-11-19T17:56:48.793Z DEBUG 4419 --- [           main] o.s.c.a.ClassPathBeanDefinitionScanner   : Identified candidate component class: URL [jar:file:/app/sub/target/sub-0.0.1-SNAPSHOT.jar!/BOOT-INF/classes!/com/necsus/necsusspring/controller/AdminUserController.class]
2025-11-19T17:56:48.794Z DEBUG 4419 --- [           main] o.s.c.a.ClassPathBeanDefinitionScanner   : Identified candidate component class: URL [jar:file:/app/sub/target/sub-0.0.1-SNAPSHOT.jar!/BOOT-INF/classes!/com/necsus/necsusspring/controller/DemandController.class]
2025-11-19T17:56:48.794Z DEBUG 4419 --- [           main] o.s.c.a.ClassPathBeanDefinitionScanner   : Identified candidate component class: URL [jar:file:/app/sub/target/sub-0.0.1-SNAPSHOT.jar!/BOOT-INF/classes!/com/necsus/necsusspring/controller/UserPlanController.class]
2025-11-19T17:56:48.796Z DEBUG 4419 --- [           main] o.s.c.a.ClassPathBeanDefinitionScanner   : Identified candidate component class: URL [jar:file:/app/sub/target/sub-0.0.1-SNAPSHOT.jar!/BOOT-INF/classes!/com/necsus/necsusspring/controller/EventController.class]
2025-11-19T17:56:48.796Z DEBUG 4419 --- [           main] o.s.c.a.ClassPathBeanDefinitionScanner   : Identified candidate component class: URL [jar:file:/app/sub/target/sub-0.0.1-SNAPSHOT.jar!/BOOT-INF/classes!/com/necsus/necsusspring/controller/PartnerController.class]
2025-11-19T17:56:48.797Z DEBUG 4419 --- [           main] o.s.c.a.ClassPathBeanDefinitionScanner   : Identified candidate component class: URL [jar:file:/app/sub/target/sub-0.0.1-SNAPSHOT.jar!/BOOT-INF/classes!/com/necsus/necsusspring/controller/UserCommunicationController.class]
2025-11-19T17:56:48.798Z DEBUG 4419 --- [           main] o.s.c.a.ClassPathBeanDefinitionScanner   : Identified candidate component class: URL [jar:file:/app/sub/target/sub-0.0.1-SNAPSHOT.jar!/BOOT-INF/classes!/com/necsus/necsusspring/controller/NotificationController.class]
2025-11-19T17:56:48.798Z DEBUG 4419 --- [           main] o.s.c.a.ClassPathBeanDefinitionScanner   : Identified candidate component class: URL [jar:file:/app/sub/target/sub-0.0.1-SNAPSHOT.jar!/BOOT-INF/classes!/com/necsus/necsusspring/controller/JuridicoController.class]
2025-11-19T17:56:48.799Z DEBUG 4419 --- [           main] o.s.c.a.ClassPathBeanDefinitionScanner   : Identified candidate component class: URL [jar:file:/app/sub/target/sub-0.0.1-SNAPSHOT.jar!/BOOT-INF/classes!/com/necsus/necsusspring/controller/AuthController.class]
2025-11-19T17:56:48.800Z DEBUG 4419 --- [           main] o.s.c.a.ClassPathBeanDefinitionScanner   : Identified candidate component class: URL [jar:file:/app/sub/target/sub-0.0.1-SNAPSHOT.jar!/BOOT-INF/classes!/com/necsus/necsusspring/controller/FinanceiroController.class]
2025-11-19T17:56:49.686Z  INFO 4419 --- [           main] .s.d.r.c.RepositoryConfigurationDelegate : Bootstrapping Spring Data JPA repositories in DEFAULT mode.
2025-11-19T17:56:49.707Z DEBUG 4419 --- [           main] o.s.b.f.s.DefaultListableBeanFactory     : Creating shared instance of singleton bean 'org.springframework.boot.autoconfigure.AutoConfigurationPackages'
2025-11-19T17:56:49.726Z DEBUG 4419 --- [           main] o.s.b.a.AutoConfigurationPackages        : @EnableAutoConfiguration was declared on a class in the package 'com.necsus.necsusspring'. Automatic @Repository and @Entity scanning is enabled.
2025-11-19T17:56:49.728Z DEBUG 4419 --- [           main] .s.d.r.c.RepositoryConfigurationDelegate : Scanning for JPA repositories in packages com.necsus.necsusspring.
2025-11-19T17:56:49.770Z DEBUG 4419 --- [           main] o.s.d.r.c.RepositoryComponentProvider    : Identified candidate component class: URL [jar:file:/app/sub/target/sub-0.0.1-SNAPSHOT.jar!/BOOT-INF/classes!/com/necsus/necsusspring/repository/BankSlipRepository.class]
2025-11-19T17:56:49.771Z DEBUG 4419 --- [           main] o.s.d.r.c.RepositoryComponentProvider    : Identified candidate component class: URL [jar:file:/app/sub/target/sub-0.0.1-SNAPSHOT.jar!/BOOT-INF/classes!/com/necsus/necsusspring/repository/PriceGroupRepository.class]
2025-11-19T17:56:49.771Z DEBUG 4419 --- [           main] o.s.d.r.c.RepositoryComponentProvider    : Identified candidate component class: URL [jar:file:/app/sub/target/sub-0.0.1-SNAPSHOT.jar!/BOOT-INF/classes!/com/necsus/necsusspring/repository/VehicleRepository.class]
2025-11-19T17:56:49.771Z DEBUG 4419 --- [           main] o.s.d.r.c.RepositoryComponentProvider    : Identified candidate component class: URL [jar:file:/app/sub/target/sub-0.0.1-SNAPSHOT.jar!/BOOT-INF/classes!/com/necsus/necsusspring/repository/NotificationRepository.class]
2025-11-19T17:56:49.771Z DEBUG 4419 --- [           main] o.s.d.r.c.RepositoryComponentProvider    : Identified candidate component class: URL [jar:file:/app/sub/target/sub-0.0.1-SNAPSHOT.jar!/BOOT-INF/classes!/com/necsus/necsusspring/repository/SlipsBriefingRepository.class]
2025-11-19T17:56:49.771Z DEBUG 4419 --- [           main] o.s.d.r.c.RepositoryComponentProvider    : Identified candidate component class: URL [jar:file:/app/sub/target/sub-0.0.1-SNAPSHOT.jar!/BOOT-INF/classes!/com/necsus/necsusspring/repository/DemandRepository.class]
2025-11-19T17:56:49.772Z DEBUG 4419 --- [           main] o.s.d.r.c.RepositoryComponentProvider    : Identified candidate component class: URL [jar:file:/app/sub/target/sub-0.0.1-SNAPSHOT.jar!/BOOT-INF/classes!/com/necsus/necsusspring/repository/AdhesionRepository.class]
2025-11-19T17:56:49.772Z DEBUG 4419 --- [           main] o.s.d.r.c.RepositoryComponentProvider    : Identified candidate component class: URL [jar:file:/app/sub/target/sub-0.0.1-SNAPSHOT.jar!/BOOT-INF/classes!/com/necsus/necsusspring/repository/PriceRepository.class]
2025-11-19T17:56:49.772Z DEBUG 4419 --- [           main] o.s.d.r.c.RepositoryComponentProvider    : Identified candidate component class: URL [jar:file:/app/sub/target/sub-0.0.1-SNAPSHOT.jar!/BOOT-INF/classes!/com/necsus/necsusspring/repository/AgreementRepository.class]
2025-11-19T17:56:49.773Z DEBUG 4419 --- [           main] o.s.d.r.c.RepositoryComponentProvider    : Identified candidate component class: URL [jar:file:/app/sub/target/sub-0.0.1-SNAPSHOT.jar!/BOOT-INF/classes!/com/necsus/necsusspring/repository/EventRepository.class]
2025-11-19T17:56:49.773Z DEBUG 4419 --- [           main] o.s.d.r.c.RepositoryComponentProvider    : Identified candidate component class: URL [jar:file:/app/sub/target/sub-0.0.1-SNAPSHOT.jar!/BOOT-INF/classes!/com/necsus/necsusspring/repository/BankRepository.class]
2025-11-19T17:56:49.773Z DEBUG 4419 --- [           main] o.s.d.r.c.RepositoryComponentProvider    : Identified candidate component class: URL [jar:file:/app/sub/target/sub-0.0.1-SNAPSHOT.jar!/BOOT-INF/classes!/com/necsus/necsusspring/repository/BillToPayRepository.class]
2025-11-19T17:56:49.773Z DEBUG 4419 --- [           main] o.s.d.r.c.RepositoryComponentProvider    : Identified candidate component class: URL [jar:file:/app/sub/target/sub-0.0.1-SNAPSHOT.jar!/BOOT-INF/classes!/com/necsus/necsusspring/repository/EventObservationHistoryRepository.class]
2025-11-19T17:56:49.773Z DEBUG 4419 --- [           main] o.s.d.r.c.RepositoryComponentProvider    : Identified candidate component class: URL [jar:file:/app/sub/target/sub-0.0.1-SNAPSHOT.jar!/BOOT-INF/classes!/com/necsus/necsusspring/repository/FiscalDocumentRepository.class]
2025-11-19T17:56:49.774Z DEBUG 4419 --- [           main] o.s.d.r.c.RepositoryComponentProvider    : Identified candidate component class: URL [jar:file:/app/sub/target/sub-0.0.1-SNAPSHOT.jar!/BOOT-INF/classes!/com/necsus/necsusspring/repository/AddressRepository.class]
2025-11-19T17:56:49.774Z DEBUG 4419 --- [           main] o.s.d.r.c.RepositoryComponentProvider    : Identified candidate component class: URL [jar:file:/app/sub/target/sub-0.0.1-SNAPSHOT.jar!/BOOT-INF/classes!/com/necsus/necsusspring/repository/CompanyRepository.class]
2025-11-19T17:56:49.774Z DEBUG 4419 --- [           main] o.s.d.r.c.RepositoryComponentProvider    : Identified candidate component class: URL [jar:file:/app/sub/target/sub-0.0.1-SNAPSHOT.jar!/BOOT-INF/classes!/com/necsus/necsusspring/repository/ComunicadoRepository.class]
2025-11-19T17:56:49.775Z DEBUG 4419 --- [           main] o.s.d.r.c.RepositoryComponentProvider    : Identified candidate component class: URL [jar:file:/app/sub/target/sub-0.0.1-SNAPSHOT.jar!/BOOT-INF/classes!/com/necsus/necsusspring/repository/BankAccountRepository.class]
2025-11-19T17:56:49.775Z DEBUG 4419 --- [           main] o.s.d.r.c.RepositoryComponentProvider    : Identified candidate component class: URL [jar:file:/app/sub/target/sub-0.0.1-SNAPSHOT.jar!/BOOT-INF/classes!/com/necsus/necsusspring/repository/PaymentRepository.class]
2025-11-19T17:56:49.775Z DEBUG 4419 --- [           main] o.s.d.r.c.RepositoryComponentProvider    : Identified candidate component class: URL [jar:file:/app/sub/target/sub-0.0.1-SNAPSHOT.jar!/BOOT-INF/classes!/com/necsus/necsusspring/repository/TeamRepository.class]
2025-11-19T17:56:49.775Z DEBUG 4419 --- [           main] o.s.d.r.c.RepositoryComponentProvider    : Identified candidate component class: URL [jar:file:/app/sub/target/sub-0.0.1-SNAPSHOT.jar!/BOOT-INF/classes!/com/necsus/necsusspring/repository/VistoriaFotoRepository.class]
2025-11-19T17:56:49.775Z DEBUG 4419 --- [           main] o.s.d.r.c.RepositoryComponentProvider    : Identified candidate component class: URL [jar:file:/app/sub/target/sub-0.0.1-SNAPSHOT.jar!/BOOT-INF/classes!/com/necsus/necsusspring/repository/BankShipmentRepository.class]
2025-11-19T17:56:49.776Z DEBUG 4419 --- [           main] o.s.d.r.c.RepositoryComponentProvider    : Identified candidate component class: URL [jar:file:/app/sub/target/sub-0.0.1-SNAPSHOT.jar!/BOOT-INF/classes!/com/necsus/necsusspring/repository/BankAgencyRepository.class]
2025-11-19T17:56:49.776Z DEBUG 4419 --- [           main] o.s.d.r.c.RepositoryComponentProvider    : Identified candidate component class: URL [jar:file:/app/sub/target/sub-0.0.1-SNAPSHOT.jar!/BOOT-INF/classes!/com/necsus/necsusspring/repository/UserAccountRepository.class]
2025-11-19T17:56:49.776Z DEBUG 4419 --- [           main] o.s.d.r.c.RepositoryComponentProvider    : Identified candidate component class: URL [jar:file:/app/sub/target/sub-0.0.1-SNAPSHOT.jar!/BOOT-INF/classes!/com/necsus/necsusspring/repository/PartnerRepository.class]
2025-11-19T17:56:49.777Z DEBUG 4419 --- [           main] o.s.d.r.c.RepositoryComponentProvider    : Identified candidate component class: URL [jar:file:/app/sub/target/sub-0.0.1-SNAPSHOT.jar!/BOOT-INF/classes!/com/necsus/necsusspring/repository/EventDescriptionHistoryRepository.class]
2025-11-19T17:56:49.777Z DEBUG 4419 --- [           main] o.s.d.r.c.RepositoryComponentProvider    : Identified candidate component class: URL [jar:file:/app/sub/target/sub-0.0.1-SNAPSHOT.jar!/BOOT-INF/classes!/com/necsus/necsusspring/repository/VistoriaRepository.class]
2025-11-19T17:56:49.777Z DEBUG 4419 --- [           main] o.s.d.r.c.RepositoryComponentProvider    : Identified candidate component class: URL [jar:file:/app/sub/target/sub-0.0.1-SNAPSHOT.jar!/BOOT-INF/classes!/com/necsus/necsusspring/repository/LegalProcessRepository.class]
2025-11-19T17:56:50.071Z  INFO 4419 --- [           main] .s.d.r.c.RepositoryConfigurationDelegate : Finished Spring Data repository scanning in 339 ms. Found 28 JPA repository interfaces.
